

Starting Toontown...
Current time: Thu Aug 20 22:41:06 2009 PST
sys.path =  ['']
sys.argv =  ['C:\\Program Files\\Disney\\Disney Online\\ToontownTest\\Toontown.exe', '-OO', 'http://gameserver.test.toontown.com', 'https://account.test.toontown.com', '1', '-pickbestres -DX9 -NoOverride ']
os.environ =  {'TMP': 'C:\\DOCUME~1\\matthew\\LOCALS~1\\Temp', 'COMPUTERNAME': 'PEARSON3', 'USERDOMAIN': 'PEARSON3', 'COMMONPROGRAMFILES': 'C:\\Program Files\\Common Files', 'PROCESSOR_IDENTIFIER': 'x86 Family 15 Model 2 Stepping 9, GenuineIntel', 'PROGRAMFILES': 'C:\\Program Files', 'PROCESSOR_REVISION': '0209', 'SYSTEMROOT': 'C:\\WINDOWS', 'PATH': ';C:\\Program Files\\Internet Explorer;;C:\\WINDOWS\\system32;C:\\WINDOWS\\system32;C:\\WINDOWS;C:\\WINDOWS\\System32\\Wbem;C:\\Program Files\\QuickTime\\QTSystem\\', 'TZ': 'PST8PDT', 'TEMP': 'C:\\DOCUME~1\\matthew\\LOCALS~1\\Temp', 'PROCESSOR_ARCHITECTURE': 'x86', 'ALLUSERSPROFILE': 'C:\\Documents and Settings\\All Users', 'SESSIONNAME': 'Console', 'HOMEPATH': '\\Documents and Settings\\matthew', 'TT_USE_TESTSERVER': '1', 'USERNAME': 'matthew', 'LOGONSERVER': '\\\\PEARSON3', 'COMSPEC': 'C:\\WINDOWS\\system32\\cmd.exe', 'QTJAVA': 'C:\\Program Files\\QuickTime\\QTSystem\\QTJava.zip', 'PYTHONPATH': '', 'CLASSPATH': '.;C:\\Program Files\\QuickTime\\QTSystem\\QTJava.zip', 'PATHEXT': '.COM;.EXE;.BAT;.CMD;.VBS;.VBE;.JS;.JSE;.WSF;.WSH', 'FP_NO_HOST_CHECK': 'NO', 'WINDIR': 'C:\\WINDOWS', 'APPDATA': 'C:\\Documents and Settings\\matthew\\Application Data', 'HOMEDRIVE': 'C:', 'SYSTEMDRIVE': 'C:', 'NUMBER_OF_PROCESSORS': '1', 'PROCESSOR_LEVEL': '15', 'OS': 'Windows_NT', 'USERPROFILE': 'C:\\Documents and Settings\\matthew'}
generating configrc using: '-pickbestres -DX9 -NoOverride '
:Launcher:info: isTestServer: 1
:Launcher:info: getRegistry('DOWNLOAD_SERVER', '')
:Launcher:info: Download Server List http://download.test.toontown.com/
:Launcher:info: Using download server http://download.test.toontown.com/.
:Launcher:info: Game Server http://gameserver.test.toontown.com
:Launcher:info: getRegistry('INSTALL_DIR', '.')
:Launcher:info: getRegistry('FROM_CD', None)
:Launcher:info: patch directory is 0
:Launcher:info: Starting Disney's Toontown Online... 
:Launcher:info: getRegistry('PROXY_SERVER', '')
:Launcher:info: getRegistry('PROXY_DIRECT_HOSTS', '')
:Launcher:info: Proxy spec is: 
:Launcher:info: No proxy for download.
:Launcher:info: ***http://download.test.toontown.com/sv1.0.38.52.test/launcherFileDb
:08-20-2009 22:41:07 :downloader: Connecting to download.test.toontown.com:80
:Launcher:info: Download server: http://download.test.toontown.com/
:Launcher:info: foreground: Launcher now operating in foreground
:Launcher:info: prepareClient: Preparing client for install
:Launcher:info: Downloading launcherFileDb
:Launcher:info: ***http://download.test.toontown.com/sv1.0.38.52.test/launcherFileDb
:Launcher:info: Download request: http://download.test.toontown.com/sv1.0.38.52.test/launcherFileDb
:Launcher:info: getRegistry('WEB_ACCT_PARAMS', None)
:Launcher:info: secretNeedsParentPassword = 1
:Launcher:info: chatEligibleKey = 0
:08-20-2009 22:41:08 :downloader: Connecting to download.test.toontown.com:80
:Launcher:info: Downloading update for Initialization (0 of 13): 0%
:Launcher:info: HTTP status 200: OK
:Launcher:info: Downloading update for Initialization (0 of 13): 100%
:Launcher:info: downloadTask: Download done: http://download.test.toontown.com/sv1.0.38.52.test/launcherFileDb
:Launcher:info: Validating Launcher files
:Launcher:info: Downloading server db file
:Launcher:info: Updating Toontown...
:Launcher:info: ***http://download.test.toontown.com/sv1.0.38.52.test/content/server.ddb.pz
:Launcher:info: Download request: http://download.test.toontown.com/sv1.0.38.52.test/content/server.ddb.pz
:Launcher:info: Downloading update for Initialization (0 of 13): 0%
:Launcher:info: HTTP status 200: OK
:Launcher:info: Downloading update for Initialization (0 of 13): 100%
:Launcher:info: downloadTask: Download done: http://download.test.toontown.com/sv1.0.38.52.test/content/server.ddb.pz
:Launcher:info: total phases to be downloaded = 128246424
:Launcher:info: Client Db exists
:Launcher:info: Creating downloadDb
:Launcher:info: Updating Toontown...
:Launcher:info: Client file name: /c/Program Files/Disney/Disney Online/ToontownTest/client.ddb
:Launcher:info: Finished decompress
:Launcher:info: created download db
:Launcher:info: Updating Toontown... 
:Launcher:info: Updating multifiles in phase: 3
:Launcher:info: phase updating 3, 0
:Launcher:info: Downloading multifile: phase_3.mf.pz
:Launcher:info: Multifile already complete: phase_3.mf.pz
:Launcher:info: decompressMultifile: Multifile already decompressed: phase_3.mf.pz
:Launcher:info: extractMultifile: Multifile already extracted: phase_3.mf.pz
:Launcher:info: extractMultifileDone: Finished updating multifile: phase_3.mf.pz
:Launcher:info: Checking for updates for Make-A-Toon (1 of 13)
:Launcher:info: patchMultifile: Checking for patches on multifile: phase_3.mf.pz
:TaskManagerwarning: task launcher-download ran for 3.87 seconds
:Launcher:info: Updating Toontown...
:Launcher:info: phase updating 3, 100
:Launcher:info: Done updating multifiles in phase: 3
:Launcher:info: progress so far 25
:Launcher:info: Updating multifiles in phase: 3.5
:Launcher:info: phase updating 3.5, 0
:Launcher:info: Downloading multifile: phase_3.5.mf.pz
:Launcher:info: Multifile already complete: phase_3.5.mf.pz
:Launcher:info: decompressMultifile: Multifile already decompressed: phase_3.5.mf.pz
:Launcher:info: extractMultifile: Multifile already extracted: phase_3.5.mf.pz
:Launcher:info: extractMultifileDone: Finished updating multifile: phase_3.5.mf.pz
:Launcher:info: Checking for updates for Toontorial (2 of 13)
:Launcher:info: patchMultifile: Checking for patches on multifile: phase_3.5.mf.pz
:Launcher:info: phase updating 3.5, 100
:Launcher:info: Done updating multifiles in phase: 3.5
:Launcher:info: progress so far 40
:Launcher:info: Updating multifiles in phase: 4
:Launcher:info: phase updating 4, 0
:Launcher:info: Downloading multifile: phase_4.mf.pz
:Launcher:info: Multifile already complete: phase_4.mf.pz
:Launcher:info: decompressMultifile: Multifile already decompressed: phase_4.mf.pz
:Launcher:info: extractMultifile: Multifile already extracted: phase_4.mf.pz
:Launcher:info: extractMultifileDone: Finished updating multifile: phase_4.mf.pz
:Launcher:info: Checking for updates for Playground (3 of 13)
:Launcher:info: patchMultifile: Checking for patches on multifile: phase_4.mf.pz
:Launcher:info: phase updating 4, 100
:Launcher:info: Done updating multifiles in phase: 4
:Launcher:info: progress so far 52
:Launcher:info: Updating multifiles in phase: 5
:Launcher:info: phase updating 5, 0
:Launcher:info: Downloading multifile: phase_5.mf.pz
:Launcher:info: Multifile already complete: phase_5.mf.pz
:Launcher:info: decompressMultifile: Multifile already decompressed: phase_5.mf.pz
:Launcher:info: extractMultifile: Multifile already extracted: phase_5.mf.pz
:Launcher:info: extractMultifileDone: Finished updating multifile: phase_5.mf.pz
:Launcher:info: Checking for updates for Streets (4 of 13)
:Launcher:info: patchMultifile: Checking for patches on multifile: phase_5.mf.pz
:Launcher:info: phase updating 5, 100
:Launcher:info: Done updating multifiles in phase: 5
:Launcher:info: progress so far 69
:Launcher:info: Updating multifiles in phase: 5.5
:Launcher:info: phase updating 5.5, 0
:Launcher:info: Downloading multifile: phase_5.5.mf.pz
:Launcher:info: Multifile already complete: phase_5.5.mf.pz
:Launcher:info: decompressMultifile: Multifile already decompressed: phase_5.5.mf.pz
:Launcher:info: extractMultifile: Multifile already extracted: phase_5.5.mf.pz
:Launcher:info: extractMultifileDone: Finished updating multifile: phase_5.5.mf.pz
:Launcher:info: Checking for updates for Estates (5 of 13)
:Launcher:info: patchMultifile: Checking for patches on multifile: phase_5.5.mf.pz
:Launcher:info: phase updating 5.5, 100
:Launcher:info: Done updating multifiles in phase: 5.5
:Launcher:info: progress so far 77
:Launcher:info: Updating multifiles in phase: 6
:Launcher:info: phase updating 6, 0
:Launcher:info: Downloading multifile: phase_6.mf.pz
:Launcher:info: Multifile already complete: phase_6.mf.pz
:Launcher:info: decompressMultifile: Multifile already decompressed: phase_6.mf.pz
:Launcher:info: extractMultifile: Multifile already extracted: phase_6.mf.pz
:Launcher:info: extractMultifileDone: Finished updating multifile: phase_6.mf.pz
:Launcher:info: Checking for updates for Neighborhoods I (6 of 13)
:Launcher:info: patchMultifile: Checking for patches on multifile: phase_6.mf.pz
:Launcher:info: phase updating 6, 100
:Launcher:info: Done updating multifiles in phase: 6
:Launcher:info: progress so far 84
:Launcher:info: Updating multifiles in phase: 7
:Launcher:info: phase updating 7, 0
:Launcher:info: Downloading multifile: phase_7.mf.pz
:Launcher:info: Multifile already complete: phase_7.mf.pz
:Launcher:info: decompressMultifile: Multifile already decompressed: phase_7.mf.pz
:Launcher:info: extractMultifile: Multifile already extracted: phase_7.mf.pz
:Launcher:info: extractMultifileDone: Finished updating multifile: phase_7.mf.pz
:Launcher:info: Checking for updates for Cog Buildings (7 of 13)
:Launcher:info: patchMultifile: Checking for patches on multifile: phase_7.mf.pz
:Launcher:info: phase updating 7, 100
:Launcher:info: Done updating multifiles in phase: 7
:Launcher:info: progress so far 89
:Launcher:info: Updating multifiles in phase: 8
:Launcher:info: phase updating 8, 0
:Launcher:info: Downloading multifile: phase_8.mf.pz
:Launcher:info: Multifile already complete: phase_8.mf.pz
:Launcher:info: decompressMultifile: Multifile already decompressed: phase_8.mf.pz
:Launcher:info: extractMultifile: Multifile already extracted: phase_8.mf.pz
:Launcher:info: extractMultifileDone: Finished updating multifile: phase_8.mf.pz
:Launcher:info: Checking for updates for Neighborhoods II (8 of 13)
:Launcher:info: patchMultifile: Checking for patches on multifile: phase_8.mf.pz
:Launcher:info: phase updating 8, 100
:Launcher:info: Done updating multifiles in phase: 8
:Launcher:info: progress so far 94
:Launcher:info: Updating multifiles in phase: 9
:Launcher:info: phase updating 9, 0
:Launcher:info: Downloading multifile: phase_9.mf.pz
:Launcher:info: Multifile already complete: phase_9.mf.pz
:Launcher:info: decompressMultifile: Multifile already decompressed: phase_9.mf.pz
:Launcher:info: extractMultifile: Multifile already extracted: phase_9.mf.pz
:Launcher:info: extractMultifileDone: Finished updating multifile: phase_9.mf.pz
:Launcher:info: Checking for updates for Sellbot HQ (9 of 13)
:Launcher:info: patchMultifile: Checking for patches on multifile: phase_9.mf.pz
:Launcher:info: phase updating 9, 100
:Launcher:info: Done updating multifiles in phase: 9
:Launcher:info: progress so far 96
:Launcher:info: Updating multifiles in phase: 10
:Launcher:info: phase updating 10, 0
:Launcher:info: Downloading multifile: phase_10.mf.pz
:Launcher:info: Multifile already complete: phase_10.mf.pz
:Launcher:info: decompressMultifile: Multifile already decompressed: phase_10.mf.pz
:Launcher:info: extractMultifile: Multifile already extracted: phase_10.mf.pz
:Launcher:info: extractMultifileDone: Finished updating multifile: phase_10.mf.pz
:Launcher:info: Checking for updates for Cashbot HQ (10 of 13)
:Launcher:info: patchMultifile: Checking for patches on multifile: phase_10.mf.pz
:Launcher:info: phase updating 10, 100
:Launcher:info: Done updating multifiles in phase: 10
:Launcher:info: progress so far 97
:Launcher:info: Updating multifiles in phase: 11
:Launcher:info: phase updating 11, 0
:Launcher:info: Downloading multifile: phase_11.mf.pz
:Launcher:info: Multifile already complete: phase_11.mf.pz
:Launcher:info: decompressMultifile: Multifile already decompressed: phase_11.mf.pz
:Launcher:info: extractMultifile: Multifile already extracted: phase_11.mf.pz
:Launcher:info: extractMultifileDone: Finished updating multifile: phase_11.mf.pz
:Launcher:info: Checking for updates for Lawbot HQ (11 of 13)
:Launcher:info: patchMultifile: Checking for patches on multifile: phase_11.mf.pz
:Launcher:info: phase updating 11, 100
:Launcher:info: Done updating multifiles in phase: 11
:Launcher:info: progress so far 98
:Launcher:info: Updating multifiles in phase: 12
:Launcher:info: phase updating 12, 0
:Launcher:info: Downloading multifile: phase_12.mf.pz
:Launcher:info: Multifile already complete: phase_12.mf.pz
:Launcher:info: decompressMultifile: Multifile already decompressed: phase_12.mf.pz
:Launcher:info: extractMultifile: Multifile already extracted: phase_12.mf.pz
:Launcher:info: extractMultifileDone: Finished updating multifile: phase_12.mf.pz
:Launcher:info: Checking for updates for Bossbot HQ (12 of 13)
:Launcher:info: patchMultifile: Checking for patches on multifile: phase_12.mf.pz
:Launcher:info: phase updating 12, 100
:Launcher:info: Done updating multifiles in phase: 12
:Launcher:info: progress so far 99
:Launcher:info: Updating multifiles in phase: 13
:Launcher:info: phase updating 13, 0
:Launcher:info: Downloading multifile: phase_13.mf.pz
:Launcher:info: Multifile already complete: phase_13.mf.pz
:Launcher:info: decompressMultifile: Multifile already decompressed: phase_13.mf.pz
:Launcher:info: extractMultifile: Multifile already extracted: phase_13.mf.pz
:Launcher:info: extractMultifileDone: Finished updating multifile: phase_13.mf.pz
:Launcher:info: Checking for updates for Parties (13 of 13)
:Launcher:info: patchMultifile: Checking for patches on multifile: phase_13.mf.pz
:Launcher:info: phase updating 13, 100
:Launcher:info: Done updating multifiles in phase: 13
:Launcher:info: progress so far 100
:Launcher:info: ALL PHASES COMPLETE
:Launcher:info: maybeStartGame: starting game
:Launcher:info: Starting Toontown...
:Launcher:info: background: Launcher now operating in background
ToontownStart: Polling for game2 to finish...
:Launcher:info: getRegistry('GAME2_DONE', 0)
ToontownStart: Game2 is finished.
ToontownStart: Starting the game.
ToontownStart: setting default font
Warning: DirectNotify: category 'Interval' already exists
OTPLocalizer: Running in language: english
:Launcher:info: setting panda error code to 7
:08-20-2009 22:41:44 :display: loading display module: libpandadx9.dll
:08-20-2009 22:41:45 :display: Unable to load: Module not found
:08-20-2009 22:41:45 :display: loading display module: libpandadx8.dll
:08-20-2009 22:41:45 :display: loading display module: libpandagl.dll
Known pipe types:
  wdxGraphicsPipe8
  wglGraphicsPipe
(all display modules loaded.)
:08-20-2009 22:41:45 :display:windisplay: begin QueryPerformanceFrequency
:08-20-2009 22:41:46 :display:windisplay: QueryPerformanceFrequency: 3579545
:08-20-2009 22:41:46 :display:windisplay: CPU frequency: 2391137008
:08-20-2009 22:41:46 :display:windisplay: start CPU ID
:08-20-2009 22:41:46 :display:windisplay: end CPU ID
:08-20-2009 22:41:46 :display:windisplay: OS version: 5.1.2.2600 
:08-20-2009 22:41:46 :display:windisplay:   Service Pack 2
:08-20-2009 22:41:46 :display:windisplay: max Mhz 2391000000, current Mhz 2391000000 
:08-20-2009 22:41:47 :display:wdxdisplay8: GetAvailableVidMem (including AGP) returns Total: 60518400, Free: 60485632 for device #0
:08-20-2009 22:41:47 :display:wdxdisplay8: GetAvailableVidMem (no AGP) returns Total: 60518400, Free: 60485632 for device #0
:08-20-2009 22:41:47 :display:wdxdisplay8: SetLowVidMem flag to 0 based on adjusted VidMemTotal: 67108864
:ToonBase:info: Default graphics pipe is DirectX8 (wdxGraphicsPipe8).
:08-20-2009 22:41:47 :display:wdxdisplay8: D3D8.1 Adapter[0]: Intel(R) 82845G/GL/GE/PE/GV Graphics Controller, Driver: ialmrnt5.dll, DriverVersion: (6.14.10.4342)
VendorID: 0x00008086 DeviceID: 0x00002562 SubsysID: 0x013A1028 Revision: 0x00000001
:08-20-2009 22:41:48 :display:windisplay(warning): SetForegroundWindow() failed!
:08-20-2009 22:41:48 :display:wdxdisplay8(warning): SetForegroundWindow() failed!
:08-20-2009 22:41:48 :display:wdxdisplay8: walla: device02ED09B0:2
:08-20-2009 22:41:48 :display: Unable to set window properties: !undecorated icon:toontown.ico 
:08-20-2009 22:41:49 :audio:   using Miles hardware midi
:ShowBase:info: __dev__ == 0
:08-20-2009 22:41:20 Launcher:info: setting panda error code to 11
:08-20-2009 22:41:50 :text: Loading font /c/Program Files/Disney/Disney Online/ToontownTest/phase_3/models/fonts/ImpressBT.ttf
:08-20-2009 22:41:50 :pnmtext: Loaded font Impress Regular
:08-20-2009 22:41:20 Launcher:info: setting panda error code to 0
ToontownStart: Loading default gui sounds
ToontownStart: serverVersion:  sv1.0.38.52.test
:08-20-2009 22:41:20 Loader:info: starting bulk load of block 'init'
TTAccount: accountServer from launcher:  https://account.test.toontown.com
<frozen>:38: DeprecationWarning: the whrandom module is deprecated; please use the random module
Warning: DirectNotify: category 'PartyInfo' already exists
Warning: DirectNotify: category 'DirectRegion' already exists
Warning: DirectNotify: category 'DirectRegion' already exists
Warning: DirectNotify: category 'PlantingGUI' already exists
Warning: DirectNotify: category 'PlantingGUI' already exists
Warning: DirectNotify: category 'Purchase' already exists
Warning: DirectNotify: category 'ToonAvatarDetailPanel' already exists
Warning: DirectNotify: category 'ChooseAvatarPanel' already exists
Warning: DirectNotify: category 'CatalogNotifyDialog' already exists
Warning: DirectNotify: category 'PathMasterEntity' already exists
Warning: DirectNotify: category 'LawbotOfficeExterior' already exists
:08-20-2009 22:41:20 OTPClientRepository:info: Using connect method 'http'
Warning: DirectNotify: category 'MovieThrow' already exists
Warning: DirectNotify: category 'DistributedMinigame' already exists
Warning: DirectNotify: category 'MakeClothesGUI' already exists
Warning: DirectNotify: category 'DistributedElevator' already exists
Warning: DirectNotify: category 'DistributedLawOffice' already exists
Warning: DirectNotify: category 'DistributedGoon' already exists
:08-20-2009 22:42:00 :text: Loading font phase_3/models/fonts/MickeyFont
Warning: DirectNotify: category 'DistributedGardenPlot' already exists
Warning: DirectNotify: category 'DistributedPhysicsWorld' already exists
Warning: DirectNotify: category 'DistributedPartyCannon' already exists
Warning: DirectNotify: category 'DistributedPartyDanceActivity' already exists
Warning: DirectNotify: category 'DistributedPartyDanceActivity' already exists
Warning: DirectNotify: category 'DistributedPartyJukeboxActivity' already exists
Warning: DirectNotify: category 'DistributedElevatorFloor' already exists
Warning: DirectNotify: category 'DistributedMinigamePhysicsWorld' already exists
:08-20-2009 22:41:20 Launcher:info: getRegistry('DEPLOYMENT', None)
:08-20-2009 22:41:20 Launcher:info: getRegistry('GAME_DEPLOYMENT', None)
:08-20-2009 22:41:20 Launcher:info: getRegistry('DEPLOYMENT', None)
:08-20-2009 22:41:20 Launcher:info: getRegistry('GAME_DEPLOYMENT', None)
:08-20-2009 22:41:20 Launcher:info: getRegistry('TOONTOWN_BLUE', None)
:08-20-2009 22:41:20 Launcher:info: getRegistry('TOONTOWN_PLAYTOKEN', None)
:08-20-2009 22:41:20 Launcher:info: getRegistry('DISLTOKEN', None)
:08-20-2009 22:41:20 OTPClientRepository:info: loginInterface: LoginWebPlayTokenAccount
:08-20-2009 22:41:20 Loader:info: At end of block 'init', expected 138, loaded 24
:08-20-2009 22:41:20 ToonBase:info: Using gameServer from launcher: http://gameserver.test.toontown.com 
:08-20-2009 22:41:20 OTPClientRepository:info: Connecting to gameserver directly (no proxy).
:08-20-2009 22:41:20 OTPClientRepository:info: Connecting to s://gameserver.test.toontown.com:6667 via HTTP interface.
:08-20-2009 22:41:20 Launcher:info: cleanup: cleaning up Launcher
:08-20-2009 22:41:20 TaskManager(warning): task patchAndHash ran for 42.48 seconds
:08-20-2009 22:42:02 :downloader: Connecting to gameserver.test.toontown.com:6667
:08-20-2009 22:41:20 ToonBase:info: Got window event: origin=(0, 0) size=(1024, 768) title="Toontown" !undecorated fullscreen foreground !minimized open !cursor_hidden icon:toontown.ico cursor:toonmono.cur absolute 
:08-20-2009 22:42:02 :downloader: Appending 5 SSL certificates from phase_3/etc/certificates.txt
:08-20-2009 22:42:02 :downloader: Appending 1 SSL certificates from phase_3/etc/gameserver.txt
:08-20-2009 22:42:03 :downloader: Expired certificate from gameserver.test.toontown.com:6667
:08-20-2009 22:42:03 :downloader: Connecting to account.test.toontown.com:443
:08-20-2009 22:41:20 Launcher:info: getRegistry('IS_NEW_INSTALLATION', 1)
:08-20-2009 22:41:20 LoginScreen:info: Chat from game server login: 0
:08-20-2009 22:41:20 LoginScreen:info: Notify clock adjusted by 0:00 (and timezone adjusted by 0 hours) to synchronize with server.
:08-20-2009 22:41:20 LoginScreen:info: Paid from game server login: 0
:08-20-2009 22:41:20 LoginScreen:info: Minutes remaining from server -1
:08-20-2009 22:41:20 LoginScreen(warning): Not paid, but also negative minutes remaining (?)
:08-20-2009 22:41:20 LoginScreen:info: Login response return code 0
:08-20-2009 22:41:20 OTPClientRepository:info: *** ACCOUNT INFO ***
:08-20-2009 22:41:20 OTPClientRepository:info: username: e30a0dd2c8e652425f411d363334f565
:08-20-2009 22:41:20 OTPClientRepository:info: paid: 0
:08-20-2009 22:41:20 OTPClientRepository:info: free time left: 0:00
{310000000L: <toontown.distributed.ToontownDistrict.ToontownDistrict instance at 0x0F5690D0>, 320000000L: <toontown.distributed.ToontownDistrict.ToontownDistrict instance at 0x0F569CB0>}
:08-21-2009 05:58:40 OTPClientRepository:info: Sent disconnect message to server
:08-21-2009 05:58:40 OTPClientRepository:info: Closing connection to server.
:08-21-2009 05:58:40 OTPClientRepository:info: Exiting cleanly
:08-21-2009 05:58:40 ToonBase:info: Exiting Toontown: errorCode = None
:08-21-2009 05:58:40 Launcher:info: setting panda error code to 0
:08-21-2009 05:59:17 :display: Closing wdxGraphicsWindow8
:08-21-2009 05:58:40 Launcher:info: Normal exit.
